<?xml version="1.0" encoding="UTF-8"?>
<testng-results ignored="0" total="1" passed="1" failed="0" skipped="0">
  <reporter-output>
  </reporter-output>
  <suite started-at="2022-04-13T13:51:43 IDT" name="Default suite" finished-at="2022-04-13T13:51:52 IDT" duration-ms="9290">
    <groups>
    </groups>
    <test started-at="2022-04-13T13:51:43 IDT" name="Default test" finished-at="2022-04-13T13:51:52 IDT" duration-ms="9290">
      <class name="test.ZenGoWebsiteTest">
        <test-method is-config="true" signature="beforeMethod()[pri:0, instance:test.ZenGoWebsiteTest@6bedbc4d]" started-at="2022-04-13T13:51:43 IDT" name="beforeMethod" finished-at="2022-04-13T13:51:48 IDT" duration-ms="4719" status="PASS">
          <reporter-output>
          </reporter-output>
        </test-method> <!-- beforeMethod -->
        <test-method signature="zenGo()[pri:0, instance:test.ZenGoWebsiteTest@6bedbc4d]" started-at="2022-04-13T13:51:48 IDT" name="zenGo" finished-at="2022-04-13T13:51:52 IDT" duration-ms="4546" status="PASS">
          <reporter-output>
          </reporter-output>
        </test-method> <!-- zenGo -->
        <test-method is-config="true" signature="afterMethod()[pri:0, instance:test.ZenGoWebsiteTest@6bedbc4d]" started-at="2022-04-13T13:51:52 IDT" name="afterMethod" finished-at="2022-04-13T13:51:52 IDT" duration-ms="0" status="PASS">
          <reporter-output>
          </reporter-output>
        </test-method> <!-- afterMethod -->
      </class> <!-- test.ZenGoWebsiteTest -->
    </test> <!-- Default test -->
  </suite> <!-- Default suite -->
</testng-results>
